sources/rfc-3339.err errors


== Bibliography

(XML Line 000326): Reference IERS is missing a document identifier (docid)
	<clause id="_international_earth_rotation_service_bulletins" inline-header="false" bibitem="true" obligation="informative">
	
	<dl id="_a0bcfe5e-d905-4857-8149-5ae484f20f62">
	<dt>id</dt>
	
(XML Line 000350): Reference JAVAZDT is missing a document identifier (docid)
	<clause id="_java_se_8_java_time_format_datetimeformatter_iso_zoned_date_time" inline-header="false" bibitem="true" obligation="informative">
	
	<dl id="_205e9794-b9b7-4bd5-9962-825b503e141c">
	<dt>id</dt>
	


== Crossreferences

(XML Line 000083): JAVAZDT does not have a corresponding anchor ID in the bibliography!
	<eref target="JAVAZDT" type="inline" bibitemid="JAVAZDT" citeas=""/>
(XML Line 000096): JAVAZDT does not have a corresponding anchor ID in the bibliography!
	<eref target="JAVAZDT" type="inline" bibitemid="JAVAZDT" citeas=""/>
(XML Line 000112): IERS does not have a corresponding anchor ID in the bibliography!
	<eref target="IERS" type="inline" bibitemid="IERS" citeas=""/>


== Metanorma XML Style Warning

(XML Line 000148): Hanging paragraph in clause
	<clause id="date-time-format" inline-header="false" obligation="normative"><title>Extended Date and Time format</title><p id="_1367930a-98f6-49bd-baac-aa72eace9dd7">This section discusses desirable qualities of formats for the timestamp
	extension suffix and defines such a format that extends <eref type="inline" bibitemid="RFC3339" citeas="RFC 3339"/> for use in
	Internet protocols.</p>
	<clause id="_informative" inline-header="false" obligation="normative"><title>Informative</title><p id="_8504ef1c-7adf-4b0b-8106-0e49f125f177">The format should allow implementations to specify additional important
	information in addition to the bare timestamp. This is done by allowing


== Metanorma XML Syntax

(XML Line 000063:12): element "workgroup" not allowed here; expected the element end-tag or element "committee"
